#
# There is insufficient memory for the Java Runtime Environment to continue.
# Native memory allocation (malloc) failed to allocate 829216 bytes for Chunk::new
# Possible reasons:
#   The system is out of physical RAM or swap space
#   The process is running with CompressedOops enabled, and the Java Heap may be blocking the growth of the native heap
# Possible solutions:
#   Reduce memory load on the system
#   Increase physical memory or swap space
#   Check if swap backing store is full
#   Decrease Java heap size (-Xmx/-Xms)
#   Decrease number of Java threads
#   Decrease Java thread stack sizes (-Xss)
#   Set larger code cache with -XX:ReservedCodeCacheSize=
#   JVM is running with Unscaled Compressed Oops mode in which the Java heap is
#     placed in the first 4GB address space. The Java Heap base address is the
#     maximum limit for the native heap growth. Please use -XX:HeapBaseMinAddress
#     to set the Java Heap base and to place the Java Heap above 4GB virtual address.
# This output file may be truncated or incomplete.
#
#  Out of Memory Error (allocation.cpp:389), pid=11840, tid=0x0000000000002c9c
#
# JRE version: OpenJDK Runtime Environment (8.0_242-b01) (build 1.8.0_242-release-1644-b01)
# Java VM: OpenJDK 64-Bit Server VM (25.242-b01 mixed mode windows-amd64 compressed oops)
# Failed to write core dump. Minidumps are not enabled by default on client versions of Windows
#

---------------  T H R E A D  ---------------

Current thread (0x0000000015e7a000):  JavaThread "C2 CompilerThread1" daemon [_thread_in_native, id=11420, stack(0x00000000175d0000,0x00000000176d0000)]

Stack: [0x00000000175d0000,0x00000000176d0000]
[error occurred during error reporting (printing stack bounds), id 0xc0000005]

Native frames: (J=compiled Java code, j=interpreted, Vv=VM code, C=native code)


Current CompileTask:
C2:  24630 5106       4       sun.reflect.generics.parser.SignatureParser::parsePackageNameAndSimpleClassTypeSignature (139 bytes)


---------------  P R O C E S S  ---------------

Java Threads: ( => current thread )
  0x000000001c5e9800 JavaThread "pool-1-thread-1" [_thread_blocked, id=6308, stack(0x0000000025d20000,0x0000000025e20000)]
  0x000000001c5eb800 JavaThread "Cache worker for Build Output Cleanup Cache (F:\Work\MyWorks\FlashChat\.gradle\buildOutputCleanup)" [_thread_blocked, id=5548, stack(0x0000000025c20000,0x0000000025d20000)]
  0x000000001c5ec800 JavaThread "jar transforms Thread 94" [_thread_blocked, id=6488, stack(0x0000000025920000,0x0000000025a20000)]
  0x000000001c5e8000 JavaThread "jar transforms Thread 93" [_thread_blocked, id=14124, stack(0x0000000025820000,0x0000000025920000)]
  0x000000001c5e8800 JavaThread "jar transforms Thread 92" [_thread_blocked, id=13256, stack(0x0000000025720000,0x0000000025820000)]
  0x000000001c5e7000 JavaThread "jar transforms Thread 91" [_thread_blocked, id=14296, stack(0x0000000025620000,0x0000000025720000)]
  0x000000001c5ea000 JavaThread "jar transforms Thread 90" [_thread_blocked, id=3148, stack(0x0000000025520000,0x0000000025620000)]
  0x000000001c5e6800 JavaThread "jar transforms Thread 89" [_thread_blocked, id=7884, stack(0x0000000025420000,0x0000000025520000)]
  0x000000001c5df000 JavaThread "jar transforms Thread 88" [_thread_blocked, id=14112, stack(0x0000000025320000,0x0000000025420000)]
  0x000000001c5e5000 JavaThread "jar transforms Thread 87" [_thread_blocked, id=14288, stack(0x0000000025220000,0x0000000025320000)]
  0x000000001c5e2000 JavaThread "jar transforms Thread 86" [_thread_blocked, id=1676, stack(0x0000000025120000,0x0000000025220000)]
  0x000000001c5e5800 JavaThread "jar transforms Thread 85" [_thread_blocked, id=6560, stack(0x0000000025020000,0x0000000025120000)]
  0x000000001c5de000 JavaThread "jar transforms Thread 84" [_thread_blocked, id=14152, stack(0x0000000024f20000,0x0000000025020000)]
  0x000000001c5dd800 JavaThread "jar transforms Thread 83" [_thread_blocked, id=8516, stack(0x0000000024e20000,0x0000000024f20000)]
  0x000000001c5e2800 JavaThread "jar transforms Thread 82" [_thread_blocked, id=2944, stack(0x0000000024d20000,0x0000000024e20000)]
  0x000000001c5e0800 JavaThread "jar transforms Thread 81" [_thread_blocked, id=11908, stack(0x0000000024c20000,0x0000000024d20000)]
  0x000000001c5e4000 JavaThread "jar transforms Thread 80" [_thread_blocked, id=13580, stack(0x0000000024b20000,0x0000000024c20000)]
  0x000000001c5e3800 JavaThread "jar transforms Thread 79" [_thread_blocked, id=9560, stack(0x0000000024a20000,0x0000000024b20000)]
  0x000000001c5df800 JavaThread "jar transforms Thread 78" [_thread_blocked, id=13216, stack(0x0000000024920000,0x0000000024a20000)]
  0x000000001c5e1000 JavaThread "jar transforms Thread 77" [_thread_blocked, id=4608, stack(0x0000000024820000,0x0000000024920000)]
  0x000000001c417000 JavaThread "jar transforms Thread 76" [_thread_blocked, id=13956, stack(0x0000000024720000,0x0000000024820000)]
  0x000000001c416000 JavaThread "jar transforms Thread 75" [_thread_blocked, id=8120, stack(0x0000000024620000,0x0000000024720000)]
  0x000000001c415800 JavaThread "jar transforms Thread 74" [_thread_blocked, id=13840, stack(0x0000000024520000,0x0000000024620000)]
  0x000000001c414800 JavaThread "jar transforms Thread 73" [_thread_blocked, id=5984, stack(0x0000000024420000,0x0000000024520000)]
  0x000000001c414000 JavaThread "jar transforms Thread 72" [_thread_blocked, id=6312, stack(0x0000000024320000,0x0000000024420000)]
  0x000000001c413000 JavaThread "jar transforms Thread 71" [_thread_blocked, id=10084, stack(0x0000000024220000,0x0000000024320000)]
  0x000000001c412800 JavaThread "jar transforms Thread 70" [_thread_blocked, id=12056, stack(0x0000000024120000,0x0000000024220000)]
  0x000000001c411800 JavaThread "jar transforms Thread 69" [_thread_blocked, id=9752, stack(0x0000000024020000,0x0000000024120000)]
  0x000000001c40a000 JavaThread "jar transforms Thread 68" [_thread_blocked, id=5504, stack(0x0000000023f20000,0x0000000024020000)]
  0x000000001c411000 JavaThread "jar transforms Thread 67" [_thread_blocked, id=6772, stack(0x0000000023e20000,0x0000000023f20000)]
  0x000000001c409000 JavaThread "jar transforms Thread 66" [_thread_blocked, id=8048, stack(0x0000000023d20000,0x0000000023e20000)]
  0x000000001c410000 JavaThread "jar transforms Thread 65" [_thread_blocked, id=10204, stack(0x0000000023c20000,0x0000000023d20000)]
  0x000000001c40f800 JavaThread "jar transforms Thread 64" [_thread_blocked, id=13928, stack(0x0000000023b20000,0x0000000023c20000)]
  0x000000001c40e000 JavaThread "jar transforms Thread 63" [_thread_blocked, id=13996, stack(0x0000000023a20000,0x0000000023b20000)]
  0x000000001c40e800 JavaThread "jar transforms Thread 62" [_thread_blocked, id=4776, stack(0x0000000023920000,0x0000000023a20000)]
  0x000000001c40d000 JavaThread "jar transforms Thread 61" [_thread_blocked, id=13624, stack(0x0000000023820000,0x0000000023920000)]
  0x000000001c40c800 JavaThread "jar transforms Thread 60" [_thread_blocked, id=11648, stack(0x0000000023720000,0x0000000023820000)]
  0x000000001c40b800 JavaThread "jar transforms Thread 59" [_thread_blocked, id=8332, stack(0x0000000023620000,0x0000000023720000)]
  0x000000001c40a800 JavaThread "jar transforms Thread 58" [_thread_blocked, id=2888, stack(0x0000000023520000,0x0000000023620000)]
  0x000000001c408800 JavaThread "jar transforms Thread 57" [_thread_blocked, id=13148, stack(0x0000000023420000,0x0000000023520000)]
  0x000000001c407800 JavaThread "jar transforms Thread 56" [_thread_blocked, id=4500, stack(0x0000000023320000,0x0000000023420000)]
  0x000000001a507800 JavaThread "jar transforms Thread 55" [_thread_blocked, id=4100, stack(0x0000000023220000,0x0000000023320000)]
  0x000000001a506000 JavaThread "jar transforms Thread 54" [_thread_blocked, id=7248, stack(0x0000000023120000,0x0000000023220000)]
  0x000000001a505800 JavaThread "jar transforms Thread 53" [_thread_blocked, id=11400, stack(0x0000000023020000,0x0000000023120000)]
  0x000000001a504800 JavaThread "jar transforms Thread 52" [_thread_blocked, id=9340, stack(0x0000000022f20000,0x0000000023020000)]
  0x000000001a504000 JavaThread "jar transforms Thread 51" [_thread_blocked, id=13792, stack(0x0000000022e20000,0x0000000022f20000)]
  0x000000001a503000 JavaThread "jar transforms Thread 50" [_thread_blocked, id=7484, stack(0x0000000022d20000,0x0000000022e20000)]
  0x000000001a507000 JavaThread "jar transforms Thread 49" [_thread_blocked, id=4828, stack(0x0000000022c20000,0x0000000022d20000)]
  0x000000001a502800 JavaThread "jar transforms Thread 48" [_thread_blocked, id=3592, stack(0x0000000022b20000,0x0000000022c20000)]
  0x000000001a4fb000 JavaThread "jar transforms Thread 47" [_thread_blocked, id=13776, stack(0x0000000022a20000,0x0000000022b20000)]
  0x000000001a501800 JavaThread "jar transforms Thread 46" [_thread_blocked, id=7672, stack(0x0000000022920000,0x0000000022a20000)]
  0x000000001a501000 JavaThread "jar transforms Thread 45" [_thread_blocked, id=12836, stack(0x0000000022820000,0x0000000022920000)]
  0x000000001a4f9800 JavaThread "jar transforms Thread 44" [_thread_blocked, id=6392, stack(0x0000000022720000,0x0000000022820000)]
  0x000000001a500000 JavaThread "jar transforms Thread 43" [_thread_blocked, id=13020, stack(0x0000000022620000,0x0000000022720000)]
  0x000000001a4fe000 JavaThread "jar transforms Thread 42" [_thread_blocked, id=2488, stack(0x0000000022520000,0x0000000022620000)]
  0x000000001a4fa000 JavaThread "jar transforms Thread 41" [_thread_blocked, id=8148, stack(0x0000000022420000,0x0000000022520000)]
  0x000000001a4fd000 JavaThread "jar transforms Thread 40" [_thread_blocked, id=4872, stack(0x0000000022320000,0x0000000022420000)]
  0x000000001a4f8800 JavaThread "jar transforms Thread 39" [_thread_blocked, id=10100, stack(0x0000000022220000,0x0000000022320000)]
  0x000000001a4ff800 JavaThread "jar transforms Thread 38" [_thread_blocked, id=13796, stack(0x0000000022120000,0x0000000022220000)]
  0x000000001a4fe800 JavaThread "jar transforms Thread 37" [_thread_blocked, id=8688, stack(0x0000000022020000,0x0000000022120000)]
  0x000000001a4fc800 JavaThread "jar transforms Thread 36" [_thread_blocked, id=4108, stack(0x0000000021f20000,0x0000000022020000)]
  0x000000001a4fb800 JavaThread "jar transforms Thread 35" [_thread_blocked, id=3648, stack(0x0000000021e20000,0x0000000021f20000)]
  0x000000001c0e4800 JavaThread "jar transforms Thread 34" [_thread_blocked, id=13512, stack(0x0000000021d20000,0x0000000021e20000)]
  0x000000001c0e3800 JavaThread "jar transforms Thread 33" [_thread_blocked, id=13960, stack(0x0000000021c20000,0x0000000021d20000)]
  0x000000001c0df000 JavaThread "jar transforms Thread 32" [_thread_blocked, id=13352, stack(0x0000000021b20000,0x0000000021c20000)]
  0x000000001c0e3000 JavaThread "jar transforms Thread 31" [_thread_blocked, id=720, stack(0x0000000021a20000,0x0000000021b20000)]
  0x000000001c0e5000 JavaThread "jar transforms Thread 30" [_thread_blocked, id=9592, stack(0x0000000021920000,0x0000000021a20000)]
  0x000000001c0e2000 JavaThread "jar transforms Thread 29" [_thread_blocked, id=11712, stack(0x0000000021820000,0x0000000021920000)]
  0x000000001c0e1800 JavaThread "jar transforms Thread 28" [_thread_blocked, id=1332, stack(0x0000000021720000,0x0000000021820000)]
  0x000000001c0de800 JavaThread "jar transforms Thread 27" [_thread_blocked, id=7528, stack(0x0000000021620000,0x0000000021720000)]
  0x000000001c0e0000 JavaThread "jar transforms Thread 26" [_thread_blocked, id=12344, stack(0x0000000021520000,0x0000000021620000)]
  0x000000001c0e0800 JavaThread "jar transforms Thread 25" [_thread_blocked, id=5668, stack(0x0000000021420000,0x0000000021520000)]
  0x0000000017fc9800 JavaThread "jar transforms Thread 24" [_thread_blocked, id=13384, stack(0x0000000021320000,0x0000000021420000)]
  0x0000000017fc9000 JavaThread "jar transforms Thread 23" [_thread_blocked, id=12976, stack(0x0000000021220000,0x0000000021320000)]
  0x0000000017fcb000 JavaThread "jar transforms Thread 22" [_thread_blocked, id=2372, stack(0x0000000021120000,0x0000000021220000)]
  0x0000000017fc8000 JavaThread "jar transforms Thread 21" [_thread_blocked, id=7332, stack(0x0000000021020000,0x0000000021120000)]
  0x0000000017fc7800 JavaThread "jar transforms Thread 20" [_thread_blocked, id=13820, stack(0x0000000020f20000,0x0000000021020000)]
  0x0000000017fc6800 JavaThread "jar transforms Thread 19" [_thread_blocked, id=11200, stack(0x0000000020e20000,0x0000000020f20000)]
  0x0000000017fca800 JavaThread "jar transforms Thread 18" [_thread_blocked, id=2908, stack(0x0000000020d20000,0x0000000020e20000)]
  0x0000000017fcc000 JavaThread "jar transforms Thread 17" [_thread_blocked, id=6136, stack(0x0000000020c20000,0x0000000020d20000)]
  0x0000000017fcd800 JavaThread "jar transforms Thread 16" [_thread_blocked, id=888, stack(0x0000000020b20000,0x0000000020c20000)]
  0x0000000017fcc800 JavaThread "jar transforms Thread 15" [_thread_blocked, id=13136, stack(0x0000000020a20000,0x0000000020b20000)]
  0x00000000199a3800 JavaThread "jar transforms Thread 14" [_thread_blocked, id=2104, stack(0x0000000020920000,0x0000000020a20000)]
  0x00000000199a5000 JavaThread "jar transforms Thread 13" [_thread_blocked, id=6884, stack(0x0000000020820000,0x0000000020920000)]
  0x00000000199a6800 JavaThread "jar transforms Thread 12" [_thread_blocked, id=12392, stack(0x0000000020720000,0x0000000020820000)]
  0x00000000199a2800 JavaThread "jar transforms Thread 11" [_thread_blocked, id=13484, stack(0x0000000020620000,0x0000000020720000)]
  0x00000000199a1000 JavaThread "jar transforms Thread 10" [_thread_blocked, id=11576, stack(0x0000000020420000,0x0000000020520000)]
  0x00000000199a4000 JavaThread "jar transforms Thread 9" [_thread_blocked, id=13768, stack(0x0000000020320000,0x0000000020420000)]
  0x00000000199a2000 JavaThread "jar transforms Thread 8" [_thread_blocked, id=1184, stack(0x0000000020220000,0x0000000020320000)]
  0x00000000199a7000 JavaThread "jar transforms Thread 7" [_thread_blocked, id=6632, stack(0x0000000020120000,0x0000000020220000)]
  0x00000000199a5800 JavaThread "jar transforms Thread 6" [_thread_blocked, id=8636, stack(0x0000000020020000,0x0000000020120000)]
  0x00000000199a0800 JavaThread "jar transforms Thread 5" [_thread_blocked, id=8340, stack(0x000000001ff20000,0x0000000020020000)]
  0x0000000019999000 JavaThread "jar transforms Thread 4" [_thread_blocked, id=12992, stack(0x000000001fe20000,0x000000001ff20000)]
  0x000000001999d800 JavaThread "jar transforms Thread 3" [_thread_blocked, id=1384, stack(0x000000001fd20000,0x000000001fe20000)]
  0x000000001999f800 JavaThread "jar transforms Thread 2" [_thread_blocked, id=11788, stack(0x000000001fc20000,0x000000001fd20000)]
  0x000000001999e000 JavaThread "Build operations Thread 4" [_thread_blocked, id=10500, stack(0x000000001fb20000,0x000000001fc20000)]
  0x000000001999f000 JavaThread "Build operations Thread 3" [_thread_blocked, id=14228, stack(0x000000001fa20000,0x000000001fb20000)]
  0x000000001999c000 JavaThread "Build operations Thread 2" [_thread_blocked, id=14012, stack(0x000000001f920000,0x000000001fa20000)]
  0x000000001999c800 JavaThread "Build operations" [_thread_blocked, id=800, stack(0x000000001f820000,0x000000001f920000)]
  0x0000000019999800 JavaThread "Cache worker for file content cache (C:\Users\Dev-Salim\.gradle\caches\6.5\fileContent)" [_thread_blocked, id=1172, stack(0x000000001f120000,0x000000001f220000)]
  0x0000000018a3c800 JavaThread "jar transforms" [_thread_blocked, id=2352, stack(0x000000001f020000,0x000000001f120000)]
  0x0000000018a39000 JavaThread "Cache worker for execution history cache (C:\Users\Dev-Salim\.gradle\caches\6.5\executionHistory)" [_thread_blocked, id=2220, stack(0x000000001e920000,0x000000001ea20000)]
  0x0000000018a3a800 JavaThread "Cache worker for cache directory md-rule (C:\Users\Dev-Salim\.gradle\caches\6.5\md-rule)" [_thread_blocked, id=7540, stack(0x000000001e820000,0x000000001e920000)]
  0x0000000018a3c000 JavaThread "Cache worker for cache directory md-supplier (C:\Users\Dev-Salim\.gradle\caches\6.5\md-supplier)" [_thread_blocked, id=9732, stack(0x000000001e720000,0x000000001e820000)]
  0x0000000018a37000 JavaThread "Cache worker for checksums cache (F:\Work\MyWorks\FlashChat\.gradle\checksums)" [_thread_blocked, id=2556, stack(0x000000001d3c0000,0x000000001d4c0000)]
  0x0000000018a35800 JavaThread "Cache worker for file hash cache (F:\Work\MyWorks\FlashChat\.gradle\6.5\fileHashes)" [_thread_blocked, id=11860, stack(0x000000001d2c0000,0x000000001d3c0000)]
  0x0000000018a39800 JavaThread "Cache worker for file hash cache (C:\Users\Dev-Salim\.gradle\caches\6.5\fileHashes)" [_thread_blocked, id=13096, stack(0x000000001bdf0000,0x000000001bef0000)]
  0x0000000018a3b000 JavaThread "File lock request listener" [_thread_in_native, id=2304, stack(0x000000001bcf0000,0x000000001bdf0000)]
  0x0000000018a36800 JavaThread "Cache worker for journal cache (C:\Users\Dev-Salim\.gradle\caches\journal-1)" [_thread_blocked, id=13644, stack(0x000000001bbf0000,0x000000001bcf0000)]
  0x0000000018075000 JavaThread "Thread-9" [_thread_blocked, id=9044, stack(0x000000001b8f0000,0x000000001b9f0000)]
  0x00000000180a9000 JavaThread "Stdin handler" [_thread_blocked, id=116, stack(0x000000001b7f0000,0x000000001b8f0000)]
  0x00000000180a2800 JavaThread "Asynchronous log dispatcher for DefaultDaemonConnection: socket connection from /127.0.0.1:53124 to /127.0.0.1:53125" [_thread_blocked, id=4440, stack(0x000000001b6f0000,0x000000001b7f0000)]
  0x000000001914e000 JavaThread "Daemon worker" [_thread_in_vm, id=7020, stack(0x000000001b5f0000,0x000000001b6f0000)]
  0x000000001914d000 JavaThread "Cancel handler" [_thread_blocked, id=13604, stack(0x000000001b4f0000,0x000000001b5f0000)]
  0x0000000018dd2000 JavaThread "Handler for socket connection from /127.0.0.1:53124 to /127.0.0.1:53125" [_thread_in_native, id=13836, stack(0x000000001b3f0000,0x000000001b4f0000)]
  0x0000000018dcd800 JavaThread "Daemon" [_thread_blocked, id=12956, stack(0x000000001b2f0000,0x000000001b3f0000)]
  0x0000000018aa0800 JavaThread "Daemon periodic checks" [_thread_blocked, id=12592, stack(0x000000001aff0000,0x000000001b0f0000)]
  0x0000000018a9f800 JavaThread "Incoming local TCP Connector on port 53124" [_thread_in_native, id=7368, stack(0x000000001adb0000,0x000000001aeb0000)]
  0x00000000197b3800 JavaThread "Daemon health stats" [_thread_blocked, id=3440, stack(0x000000001a770000,0x000000001a870000)]
  0x0000000015ecd800 JavaThread "Service Thread" daemon [_thread_blocked, id=4340, stack(0x0000000017bd0000,0x0000000017cd0000)]
  0x0000000015ec8800 JavaThread "C1 CompilerThread2" daemon [_thread_blocked, id=13364, stack(0x00000000176d0000,0x00000000177d0000)]
=>0x0000000015e7a000 JavaThread "C2 CompilerThread1" daemon [_thread_in_native, id=11420, stack(0x00000000175d0000,0x00000000176d0000)]
  0x0000000015e74000 JavaThread "C2 CompilerThread0" daemon [_thread_blocked, id=4788, stack(0x00000000174d0000,0x00000000175d0000)]
  0x0000000015e72800 JavaThread "Attach Listener" daemon [_thread_blocked, id=12448, stack(0x00000000173d0000,0x00000000174d0000)]
  0x0000000015e71000 JavaThread "Signal Dispatcher" daemon [_thread_blocked, id=7100, stack(0x00000000172d0000,0x00000000173d0000)]
  0x00000000024fc000 JavaThread "Finalizer" daemon [_thread_blocked, id=3028, stack(0x00000000170d0000,0x00000000171d0000)]
  0x0000000015e59000 JavaThread "Reference Handler" daemon [_thread_blocked, id=1388, stack(0x0000000016fd0000,0x00000000170d0000)]
  0x000000000064e000 JavaThread "main" [_thread_blocked, id=9864, stack(0x0000000002220000,0x0000000002320000)]

Other Threads:
  0x0000000015e36000 VMThread [stack: 0x0000000016ed0000,0x0000000016fd0000] [id=8928]
  0x0000000015ece800 WatcherThread [stack: 0x0000000017cd0000,0x0000000017dd0000] [id=11940]

VM state:not at safepoint (normal execution)

VM Mutex/Monitor currently owned by a thread: None

heap address: 0x00000000a0000000, size: 1536 MB, Compressed Oops mode: 32-bit
Narrow klass base: 0x0000000000000000, Narrow klass shift: 3
Compressed class space size: 1073741824 Address: 0x0000000100000000

Heap:
 PSYoungGen      total 144384K, used 53511K [0x00000000e0000000, 0x00000000e9900000, 0x0000000100000000)
  eden space 133120K, 31% used [0x00000000e0000000,0x00000000e2948cc8,0x00000000e8200000)
  from space 11264K, 99% used [0x00000000e8e00000,0x00000000e98f9310,0x00000000e9900000)
  to   space 11776K, 0% used [0x00000000e8200000,0x00000000e8200000,0x00000000e8d80000)
 ParOldGen       total 66048K, used 26536K [0x00000000a0000000, 0x00000000a4080000, 0x00000000e0000000)
  object space 66048K, 40% used [0x00000000a0000000,0x00000000a19ea378,0x00000000a4080000)
 Metaspace       used 55177K, capacity 57452K, committed 57768K, reserved 1099776K
  class space    used 7508K, capacity 8001K, committed 8112K, reserved 1048576K

Card table byte_map: [0x00000000118c0000,0x0000000011bd0000] byte_map_base: 0x00000000113c0000

Marking Bits: (ParMarkBitMap*) 0x000000005a79f030
 Begin Bits: [0x00000000121d0000, 0x00000000139d0000)
 End Bits:   [0x00000000139d0000, 0x00000000151d0000)

Polling page: 0x00000000001f0000

CodeCache: size=245760Kb used=16164Kb max_used=16169Kb free=229595Kb
 bounds [0x0000000002500000, 0x00000000034e0000, 0x0000000011500000]
 total_blobs=5508 nmethods=4742 adapters=679
 compilation: enabled

Compilation events (10 events):
Event: 24.595 Thread 0x0000000015ec8800 5149       1       com.google.common.collect.RegularImmutableMap$EntrySet::size (5 bytes)
Event: 24.595 Thread 0x0000000015ec8800 nmethod 5149 0x00000000034cd4d0 code [0x00000000034cd620, 0x00000000034cd730]
Event: 24.598 Thread 0x0000000015e74000 5150       4       org.objectweb.asm.AnnotationWriter::putAnnotations (67 bytes)
Event: 24.600 Thread 0x0000000015e74000 nmethod 5150 0x00000000034cd010 code [0x00000000034cd160, 0x00000000034cd298]
Event: 24.604 Thread 0x0000000015ec8800 5151       3       org.objectweb.asm.AnnotationWriter::<init> (60 bytes)
Event: 24.605 Thread 0x0000000015ec8800 nmethod 5151 0x00000000034d6450 code [0x00000000034d65c0, 0x00000000034d6908]
Event: 24.605 Thread 0x0000000015ec8800 5152       3       org.objectweb.asm.AnnotationVisitor::<init> (7 bytes)
Event: 24.605 Thread 0x0000000015ec8800 nmethod 5152 0x00000000034d60d0 code [0x00000000034d6240, 0x00000000034d63c8]
Event: 24.605 Thread 0x0000000015ec8800 5153       3       org.objectweb.asm.AnnotationVisitor::<init> (82 bytes)
Event: 24.607 Thread 0x0000000015ec8800 nmethod 5153 0x00000000034d5090 code [0x00000000034d5280, 0x00000000034d5ca8]

GC Heap History (10 events):
Event: 14.185 GC heap before
{Heap before GC invocations=8 (full 1):
 PSYoungGen      total 144384K, used 133120K [0x00000000e0000000, 0x00000000e9900000, 0x0000000100000000)
  eden space 133120K, 100% used [0x00000000e0000000,0x00000000e8200000,0x00000000e8200000)
  from space 11264K, 0% used [0x00000000e8e00000,0x00000000e8e00000,0x00000000e9900000)
  to   space 11776K, 0% used [0x00000000e8200000,0x00000000e8200000,0x00000000e8d80000)
 ParOldGen       total 50176K, used 6694K [0x00000000a0000000, 0x00000000a3100000, 0x00000000e0000000)
  object space 50176K, 13% used [0x00000000a0000000,0x00000000a0689818,0x00000000a3100000)
 Metaspace       used 33077K, capacity 34116K, committed 34352K, reserved 1079296K
  class space    used 4524K, capacity 4791K, committed 4912K, reserved 1048576K
Event: 14.253 GC heap after
Heap after GC invocations=8 (full 1):
 PSYoungGen      total 144896K, used 11775K [0x00000000e0000000, 0x00000000e9900000, 0x0000000100000000)
  eden space 133120K, 0% used [0x00000000e0000000,0x00000000e0000000,0x00000000e8200000)
  from space 11776K, 99% used [0x00000000e8200000,0x00000000e8d7fff8,0x00000000e8d80000)
  to   space 11264K, 0% used [0x00000000e8e00000,0x00000000e8e00000,0x00000000e9900000)
 ParOldGen       total 50176K, used 9283K [0x00000000a0000000, 0x00000000a3100000, 0x00000000e0000000)
  object space 50176K, 18% used [0x00000000a0000000,0x00000000a0910ea0,0x00000000a3100000)
 Metaspace       used 33077K, capacity 34116K, committed 34352K, reserved 1079296K
  class space    used 4524K, capacity 4791K, committed 4912K, reserved 1048576K
}
Event: 14.955 GC heap before
{Heap before GC invocations=9 (full 1):
 PSYoungGen      total 144896K, used 37427K [0x00000000e0000000, 0x00000000e9900000, 0x0000000100000000)
  eden space 133120K, 19% used [0x00000000e0000000,0x00000000e190cf70,0x00000000e8200000)
  from space 11776K, 99% used [0x00000000e8200000,0x00000000e8d7fff8,0x00000000e8d80000)
  to   space 11264K, 0% used [0x00000000e8e00000,0x00000000e8e00000,0x00000000e9900000)
 ParOldGen       total 50176K, used 9283K [0x00000000a0000000, 0x00000000a3100000, 0x00000000e0000000)
  object space 50176K, 18% used [0x00000000a0000000,0x00000000a0910ea0,0x00000000a3100000)
 Metaspace       used 34274K, capacity 35414K, committed 35496K, reserved 1079296K
  class space    used 4713K, capacity 5002K, committed 5040K, reserved 1048576K
Event: 14.975 GC heap after
Heap after GC invocations=9 (full 1):
 PSYoungGen      total 144384K, used 7872K [0x00000000e0000000, 0x00000000e9900000, 0x0000000100000000)
  eden space 133120K, 0% used [0x00000000e0000000,0x00000000e0000000,0x00000000e8200000)
  from space 11264K, 69% used [0x00000000e8e00000,0x00000000e95b03d8,0x00000000e9900000)
  to   space 11776K, 0% used [0x00000000e8200000,0x00000000e8200000,0x00000000e8d80000)
 ParOldGen       total 50176K, used 9291K [0x00000000a0000000, 0x00000000a3100000, 0x00000000e0000000)
  object space 50176K, 18% used [0x00000000a0000000,0x00000000a0912ea0,0x00000000a3100000)
 Metaspace       used 34274K, capacity 35414K, committed 35496K, reserved 1079296K
  class space    used 4713K, capacity 5002K, committed 5040K, reserved 1048576K
}
Event: 14.975 GC heap before
{Heap before GC invocations=10 (full 2):
 PSYoungGen      total 144384K, used 7872K [0x00000000e0000000, 0x00000000e9900000, 0x0000000100000000)
  eden space 133120K, 0% used [0x00000000e0000000,0x00000000e0000000,0x00000000e8200000)
  from space 11264K, 69% used [0x00000000e8e00000,0x00000000e95b03d8,0x00000000e9900000)
  to   space 11776K, 0% used [0x00000000e8200000,0x00000000e8200000,0x00000000e8d80000)
 ParOldGen       total 50176K, used 9291K [0x00000000a0000000, 0x00000000a3100000, 0x00000000e0000000)
  object space 50176K, 18% used [0x00000000a0000000,0x00000000a0912ea0,0x00000000a3100000)
 Metaspace       used 34274K, capacity 35414K, committed 35496K, reserved 1079296K
  class space    used 4713K, capacity 5002K, committed 5040K, reserved 1048576K
Event: 15.076 GC heap after
Heap after GC invocations=10 (full 2):
 PSYoungGen      total 144384K, used 0K [0x00000000e0000000, 0x00000000e9900000, 0x0000000100000000)
  eden space 133120K, 0% used [0x00000000e0000000,0x00000000e0000000,0x00000000e8200000)
  from space 11264K, 0% used [0x00000000e8e00000,0x00000000e8e00000,0x00000000e9900000)
  to   space 11776K, 0% used [0x00000000e8200000,0x00000000e8200000,0x00000000e8d80000)
 ParOldGen       total 66048K, used 14314K [0x00000000a0000000, 0x00000000a4080000, 0x00000000e0000000)
  object space 66048K, 21% used [0x00000000a0000000,0x00000000a0dfa8a0,0x00000000a4080000)
 Metaspace       used 34274K, capacity 35414K, committed 35496K, reserved 1079296K
  class space    used 4713K, capacity 5002K, committed 5040K, reserved 1048576K
}
Event: 18.363 GC heap before
{Heap before GC invocations=11 (full 2):
 PSYoungGen      total 144384K, used 133120K [0x00000000e0000000, 0x00000000e9900000, 0x0000000100000000)
  eden space 133120K, 100% used [0x00000000e0000000,0x00000000e8200000,0x00000000e8200000)
  from space 11264K, 0% used [0x00000000e8e00000,0x00000000e8e00000,0x00000000e9900000)
  to   space 11776K, 0% used [0x00000000e8200000,0x00000000e8200000,0x00000000e8d80000)
 ParOldGen       total 66048K, used 14314K [0x00000000a0000000, 0x00000000a4080000, 0x00000000e0000000)
  object space 66048K, 21% used [0x00000000a0000000,0x00000000a0dfa8a0,0x00000000a4080000)
 Metaspace       used 39433K, capacity 41208K, committed 41512K, reserved 1085440K
  class space    used 5429K, capacity 5835K, committed 5936K, reserved 1048576K
Event: 18.403 GC heap after
Heap after GC invocations=11 (full 2):
 PSYoungGen      total 144896K, used 11549K [0x00000000e0000000, 0x00000000e9900000, 0x0000000100000000)
  eden space 133120K, 0% used [0x00000000e0000000,0x00000000e0000000,0x00000000e8200000)
  from space 11776K, 98% used [0x00000000e8200000,0x00000000e8d477d8,0x00000000e8d80000)
  to   space 11264K, 0% used [0x00000000e8e00000,0x00000000e8e00000,0x00000000e9900000)
 ParOldGen       total 66048K, used 14322K [0x00000000a0000000, 0x00000000a4080000, 0x00000000e0000000)
  object space 66048K, 21% used [0x00000000a0000000,0x00000000a0dfc8a0,0x00000000a4080000)
 Metaspace       used 39433K, capacity 41208K, committed 41512K, reserved 1085440K
  class space    used 5429K, capacity 5835K, committed 5936K, reserved 1048576K
}
Event: 22.726 GC heap before
{Heap before GC invocations=12 (full 2):
 PSYoungGen      total 144896K, used 144669K [0x00000000e0000000, 0x00000000e9900000, 0x0000000100000000)
  eden space 133120K, 100% used [0x00000000e0000000,0x00000000e8200000,0x00000000e8200000)
  from space 11776K, 98% used [0x00000000e8200000,0x00000000e8d477d8,0x00000000e8d80000)
  to   space 11264K, 0% used [0x00000000e8e00000,0x00000000e8e00000,0x00000000e9900000)
 ParOldGen       total 66048K, used 14322K [0x00000000a0000000, 0x00000000a4080000, 0x00000000e0000000)
  object space 66048K, 21% used [0x00000000a0000000,0x00000000a0dfc8a0,0x00000000a4080000)
 Metaspace       used 50990K, capacity 52974K, committed 53160K, reserved 1095680K
  class space    used 6815K, capacity 7267K, committed 7344K, reserved 1048576K
Event: 22.774 GC heap after
Heap after GC invocations=12 (full 2):
 PSYoungGen      total 144384K, used 11236K [0x00000000e0000000, 0x00000000e9900000, 0x0000000100000000)
  eden space 133120K, 0% used [0x00000000e0000000,0x00000000e0000000,0x00000000e8200000)
  from space 11264K, 99% used [0x00000000e8e00000,0x00000000e98f9310,0x00000000e9900000)
  to   space 11776K, 0% used [0x00000000e8200000,0x00000000e8200000,0x00000000e8d80000)
 ParOldGen       total 66048K, used 26536K [0x00000000a0000000, 0x00000000a4080000, 0x00000000e0000000)
  object space 66048K, 40% used [0x00000000a0000000,0x00000000a19ea378,0x00000000a4080000)
 Metaspace       used 50990K, capacity 52974K, committed 53160K, reserved 1095680K
  class space    used 6815K, capacity 7267K, committed 7344K, reserved 1048576K
}

Deoptimization events (10 events):
Event: 21.972 Thread 0x000000001914e000 Uncommon trap: reason=unstable_if action=reinterpret pc=0x00000000032ec240 method=com.sun.org.apache.xerces.internal.util.SymbolTable.addSymbol([CII)Ljava/lang/String; @ 38
Event: 22.131 Thread 0x000000001914e000 Uncommon trap: reason=unstable_if action=reinterpret pc=0x000000000318c9b0 method=org.gradle.internal.instantiation.generator.AbstractClassGenerator$InjectionAnnotationValidator.validateMethod(Ljava/lang/reflect/Method;Lorg/gradle/internal/reflect/Propert
Event: 22.131 Thread 0x000000001914e000 Uncommon trap: reason=unstable_if action=reinterpret pc=0x000000000318a4fc method=org.gradle.internal.instantiation.generator.AbstractClassGenerator$InjectionAnnotationValidator.validateMethod(Ljava/lang/reflect/Method;Lorg/gradle/internal/reflect/Propert
Event: 22.215 Thread 0x000000001914e000 Uncommon trap: reason=unstable_if action=reinterpret pc=0x00000000030ecbe8 method=org.codehaus.groovy.runtime.metaclass.MetaMethodIndex.isNonRealMethod(Lgroovy/lang/MetaMethod;)Z @ 4
Event: 22.215 Thread 0x000000001914e000 Uncommon trap: reason=unstable_if action=reinterpret pc=0x0000000002ec3928 method=groovy.lang.MetaClassImpl$1MOPIter.methodNameAction(Ljava/lang/Class;Lorg/codehaus/groovy/runtime/metaclass/MetaMethodIndex$Entry;)V @ 182
Event: 22.257 Thread 0x000000001914e000 Uncommon trap: reason=unstable_if action=reinterpret pc=0x000000000325daac method=java.lang.ClassLoader.checkCerts(Ljava/lang/String;Ljava/security/CodeSource;)V @ 29
Event: 22.485 Thread 0x000000001914e000 Uncommon trap: reason=null_check action=make_not_entrant pc=0x0000000002cafc5c method=java.lang.Class.searchMethods([Ljava/lang/reflect/Method;Ljava/lang/String;[Ljava/lang/Class;)Ljava/lang/reflect/Method; @ 59
Event: 22.669 Thread 0x000000001914e000 Uncommon trap: reason=class_check action=maybe_recompile pc=0x0000000002c6c050 method=java.util.WeakHashMap.eq(Ljava/lang/Object;Ljava/lang/Object;)Z @ 7
Event: 24.244 Thread 0x000000001914e000 Uncommon trap: reason=unstable_if action=reinterpret pc=0x00000000027f4658 method=sun.misc.MetaIndex.mayContain(Ljava/lang/String;)Z @ 38
Event: 24.249 Thread 0x000000001914e000 Uncommon trap: reason=unstable_if action=reinterpret pc=0x000000000277538c method=java.security.CodeSource.hashCode()I @ 4

Classes redefined (0 events):
No events

Internal exceptions (10 events):
Event: 22.819 Thread 0x000000001914e000 Exception <a 'java/lang/ClassNotFoundException': com/android/build/gradle/internal/CompileOptions_DecoratedCustomizer> (0x00000000e0217e50) thrown at [C:\src\AOSP-openjdk-git\hotspot\src\share\vm\classfile\systemDictionary.cpp, line 210]
Event: 22.853 Thread 0x000000001914e000 Exception <a 'java/lang/ClassNotFoundException': org/gradle/api/internal/file/collections/DefaultConfigurableFileTreeBeanInfo> (0x00000000e03fe240) thrown at [C:\src\AOSP-openjdk-git\hotspot\src\share\vm\classfile\systemDictionary.cpp, line 210]
Event: 22.855 Thread 0x000000001914e000 Exception <a 'java/lang/ClassNotFoundException': org/gradle/api/internal/file/CompositeFileTreeBeanInfo> (0x00000000e04378e8) thrown at [C:\src\AOSP-openjdk-git\hotspot\src\share\vm\classfile\systemDictionary.cpp, line 210]
Event: 22.857 Thread 0x000000001914e000 Exception <a 'java/lang/ClassNotFoundException': org/gradle/api/internal/file/CompositeFileCollectionBeanInfo> (0x00000000e0475668) thrown at [C:\src\AOSP-openjdk-git\hotspot\src\share\vm\classfile\systemDictionary.cpp, line 210]
Event: 22.859 Thread 0x000000001914e000 Exception <a 'java/lang/ClassNotFoundException': org/gradle/api/internal/file/AbstractFileCollectionBeanInfo> (0x00000000e04b33b0) thrown at [C:\src\AOSP-openjdk-git\hotspot\src\share\vm\classfile\systemDictionary.cpp, line 210]
Event: 22.860 Thread 0x000000001914e000 Exception <a 'java/lang/ClassNotFoundException': org/gradle/api/internal/file/AbstractFileCollectionCustomizer> (0x00000000e04f1f00) thrown at [C:\src\AOSP-openjdk-git\hotspot\src\share\vm\classfile\systemDictionary.cpp, line 210]
Event: 22.862 Thread 0x000000001914e000 Exception <a 'java/lang/ClassNotFoundException': org/gradle/api/internal/file/CompositeFileCollectionCustomizer> (0x00000000e0541e80) thrown at [C:\src\AOSP-openjdk-git\hotspot\src\share\vm\classfile\systemDictionary.cpp, line 210]
Event: 22.866 Thread 0x000000001914e000 Exception <a 'java/lang/ClassNotFoundException': org/gradle/api/internal/file/CompositeFileTreeCustomizer> (0x00000000e05892f8) thrown at [C:\src\AOSP-openjdk-git\hotspot\src\share\vm\classfile\systemDictionary.cpp, line 210]
Event: 22.869 Thread 0x000000001914e000 Exception <a 'java/lang/ClassNotFoundException': org/gradle/api/internal/file/collections/DefaultConfigurableFileTreeCustomizer> (0x00000000e05df448) thrown at [C:\src\AOSP-openjdk-git\hotspot\src\share\vm\classfile\systemDictionary.cpp, line 210]
Event: 24.249 Thread 0x000000001914e000 Implicit null exception at 0x0000000002775095 to 0x000000000277537d

Events (10 events):
Event: 24.603 loading class org/gradle/api/provider/ValueSourceParameters
Event: 24.603 loading class org/gradle/api/provider/ValueSourceParameters done
Event: 24.607 loading class org/gradle/api/provider/ValueSourceSpec
Event: 24.607 loading class org/gradle/api/provider/ValueSourceSpec done
Event: 24.607 loading class com/android/build/gradle/internal/utils/DesugarLibUtils$getDesugarLibConfigFromTransform$1
Event: 24.607 loading class com/android/build/gradle/internal/utils/DesugarLibUtils$getDesugarLibConfigFromTransform$1 done
Event: 24.608 loading class com/android/build/gradle/internal/utils/DesugarLibUtils$getDesugarLibConfigFromTransform$1$1
Event: 24.608 loading class com/android/build/gradle/internal/utils/DesugarLibUtils$getDesugarLibConfigFromTransform$1$1 done
Event: 24.609 loading class org/gradle/api/internal/file/UnionFileCollection
Event: 24.609 loading class org/gradle/api/internal/file/UnionFileCollection done


Dynamic libraries:
0x00007ff6ed080000 - 0x00007ff6ed0b1000 	C:\Program Files\Android\Android Studio\jre\bin\java.exe
0x00007ff9e64e0000 - 0x00007ff9e66d0000 	C:\WINDOWS\SYSTEM32\ntdll.dll
0x00007ff9e5c00000 - 0x00007ff9e5cb2000 	C:\WINDOWS\System32\KERNEL32.DLL
0x00007ff9e4050000 - 0x00007ff9e42f5000 	C:\WINDOWS\System32\KERNELBASE.dll
0x00007ff9e47b0000 - 0x00007ff9e4853000 	C:\WINDOWS\System32\ADVAPI32.dll
0x00007ff9e46b0000 - 0x00007ff9e474e000 	C:\WINDOWS\System32\msvcrt.dll
0x00007ff9e5d00000 - 0x00007ff9e5d97000 	C:\WINDOWS\System32\sechost.dll
0x00007ff9e4590000 - 0x00007ff9e46af000 	C:\WINDOWS\System32\RPCRT4.dll
0x00007ff9e4f80000 - 0x00007ff9e5114000 	C:\WINDOWS\System32\USER32.dll
0x00007ff9e4560000 - 0x00007ff9e4581000 	C:\WINDOWS\System32\win32u.dll
0x00007ff9e5cd0000 - 0x00007ff9e5cf6000 	C:\WINDOWS\System32\GDI32.dll
0x00007ff9e4300000 - 0x00007ff9e4498000 	C:\WINDOWS\System32\gdi32full.dll
0x00007ff9e3460000 - 0x00007ff9e34fe000 	C:\WINDOWS\System32\msvcp_win.dll
0x00007ff9e3650000 - 0x00007ff9e374a000 	C:\WINDOWS\System32\ucrtbase.dll
0x00007ff9d7eb0000 - 0x00007ff9d8134000 	C:\WINDOWS\WinSxS\amd64_microsoft.windows.common-controls_6595b64144ccf1df_6.0.18362.1316_none_9e7a364fe461dbd7\COMCTL32.dll
0x00007ff9e5ea0000 - 0x00007ff9e61d7000 	C:\WINDOWS\System32\combase.dll
0x00007ff9e44a0000 - 0x00007ff9e4521000 	C:\WINDOWS\System32\bcryptPrimitives.dll
0x00007ff9e4860000 - 0x00007ff9e488e000 	C:\WINDOWS\System32\IMM32.DLL
0x00000000593d0000 - 0x00000000594a2000 	C:\Program Files\Android\Android Studio\jre\jre\bin\msvcr100.dll
0x0000000059fd0000 - 0x000000005a81b000 	C:\Program Files\Android\Android Studio\jre\jre\bin\server\jvm.dll
0x00007ff9e5cc0000 - 0x00007ff9e5cc8000 	C:\WINDOWS\System32\PSAPI.DLL
0x00007ff9da510000 - 0x00007ff9da51a000 	C:\WINDOWS\SYSTEM32\VERSION.dll
0x00007ff9dc060000 - 0x00007ff9dc069000 	C:\WINDOWS\SYSTEM32\WSOCK32.dll
0x00007ff9e0e80000 - 0x00007ff9e0ea4000 	C:\WINDOWS\SYSTEM32\WINMM.dll
0x00007ff9e6430000 - 0x00007ff9e649f000 	C:\WINDOWS\System32\WS2_32.dll
0x00007ff9e0e50000 - 0x00007ff9e0e7d000 	C:\WINDOWS\SYSTEM32\winmmbase.dll
0x00007ff9e3fa0000 - 0x00007ff9e3fea000 	C:\WINDOWS\System32\cfgmgr32.dll
0x00007ff9c7db0000 - 0x00007ff9c7dbf000 	C:\Program Files\Android\Android Studio\jre\jre\bin\verify.dll
0x00007ff9ae570000 - 0x00007ff9ae599000 	C:\Program Files\Android\Android Studio\jre\jre\bin\java.dll
0x00007ff9c78c0000 - 0x00007ff9c78d6000 	C:\Program Files\Android\Android Studio\jre\jre\bin\zip.dll
0x00007ff9e4890000 - 0x00007ff9e4f78000 	C:\WINDOWS\System32\SHELL32.dll
0x00007ff9e5180000 - 0x00007ff9e5227000 	C:\WINDOWS\System32\shcore.dll
0x00007ff9e3800000 - 0x00007ff9e3f7b000 	C:\WINDOWS\System32\windows.storage.dll
0x00007ff9e3430000 - 0x00007ff9e3453000 	C:\WINDOWS\System32\profapi.dll
0x00007ff9e33e0000 - 0x00007ff9e342a000 	C:\WINDOWS\System32\powrprof.dll
0x00007ff9e3390000 - 0x00007ff9e33a0000 	C:\WINDOWS\System32\UMPDC.dll
0x00007ff9e5820000 - 0x00007ff9e5872000 	C:\WINDOWS\System32\shlwapi.dll
0x00007ff9e33a0000 - 0x00007ff9e33b1000 	C:\WINDOWS\System32\kernel.appcore.dll
0x00007ff9e3f80000 - 0x00007ff9e3f97000 	C:\WINDOWS\System32\cryptsp.dll
0x00007ff9c2850000 - 0x00007ff9c286a000 	C:\Program Files\Android\Android Studio\jre\jre\bin\net.dll
0x00007ff9e2bd0000 - 0x00007ff9e2c37000 	C:\WINDOWS\system32\mswsock.dll
0x00007ff9bf4c0000 - 0x00007ff9bf4d3000 	C:\Program Files\Android\Android Studio\jre\jre\bin\nio.dll
0x00007ff9cbd10000 - 0x00007ff9cbd37000 	C:\Users\Dev-Salim\.gradle\native\f6784746aeab05261644944871eae4fe03e0ef1612fff0a4a95f87b438bc6780\windows-amd64\native-platform.dll
0x00007ff9c7070000 - 0x00007ff9c707d000 	C:\Program Files\Android\Android Studio\jre\jre\bin\management.dll
0x00007ff9e2750000 - 0x00007ff9e2783000 	C:\WINDOWS\system32\rsaenh.dll
0x00007ff9e4530000 - 0x00007ff9e4556000 	C:\WINDOWS\System32\bcrypt.dll
0x00007ff9e3270000 - 0x00007ff9e3295000 	C:\WINDOWS\SYSTEM32\USERENV.dll
0x00007ff9e2da0000 - 0x00007ff9e2dac000 	C:\WINDOWS\SYSTEM32\CRYPTBASE.dll
0x00007ff9e28e0000 - 0x00007ff9e291a000 	C:\WINDOWS\SYSTEM32\IPHLPAPI.DLL
0x00007ff9e5dc0000 - 0x00007ff9e5dc8000 	C:\WINDOWS\System32\NSI.dll
0x00007ff9dabb0000 - 0x00007ff9dabc6000 	C:\WINDOWS\SYSTEM32\dhcpcsvc6.DLL
0x00007ff9daea0000 - 0x00007ff9daebc000 	C:\WINDOWS\SYSTEM32\dhcpcsvc.DLL
0x00007ff9e2920000 - 0x00007ff9e29eb000 	C:\WINDOWS\SYSTEM32\DNSAPI.dll
0x00007ff9db5f0000 - 0x00007ff9db5fb000 	C:\WINDOWS\SYSTEM32\WINNSI.DLL

VM Arguments:
jvm_args: -Xmx1536m -Dfile.encoding=windows-1252 -Duser.country=US -Duser.language=en -Duser.variant 
java_command: org.gradle.launcher.daemon.bootstrap.GradleDaemon 6.5
java_class_path (initial): C:\Users\Dev-Salim\.gradle\wrapper\dists\gradle-6.5-bin\6nifqtx7604sqp1q6g8wikw7p\gradle-6.5\lib\gradle-launcher-6.5.jar
Launcher Type: SUN_STANDARD

Environment Variables:
JAVA_HOME=C:\Program Files\Java\jdk-11.0.1
PATH=C:\WINDOWS\system32;C:\WINDOWS;C:\WINDOWS\System32\Wbem;C:\WINDOWS\System32\WindowsPowerShell\v1.0\;C:\WINDOWS\System32\OpenSSH\;C:\Program Files\Git\cmd;C:\Users\Dev-Salim\AppData\Local\Microsoft\WindowsApps
USERNAME=Dev-Salim
OS=Windows_NT
PROCESSOR_IDENTIFIER=Intel64 Family 6 Model 42 Stepping 7, GenuineIntel



---------------  S Y S T E M  ---------------

OS: Windows 10.0 , 64 bit Build 18362 (10.0.18362.1316)

CPU:total 4 (initial active 4) (2 cores per cpu, 2 threads per core) family 6 model 42 stepping 7, cmov, cx8, fxsr, mmx, sse, sse2, sse3, ssse3, sse4.1, sse4.2, popcnt, avx, clmul, ht, tsc, tscinvbit

Memory: 4k page, physical 8370028k(292840k free), swap 21406824k(4560k free)

vm_info: OpenJDK 64-Bit Server VM (25.242-b01) for windows-amd64 JRE (1.8.0_242-release-1644-b01), built by "builder" with MS VC++ 10.0 (VS2010)

time: Wed Feb 10 16:34:26 2021
timezone: Egypt Standard Time
elapsed time: 24 seconds (0d 0h 0m 24s)

